//
//  VFR compiler version  2.01 (UEFI 2.4) 
//
extern unsigned char DriverSampleStrings[];
extern EFI_GUID gEfiHiiPlatformSetupFormsetGuid;
extern EFI_GUID gEfiHiiDriverHealthFormsetGuid;
extern EFI_GUID gEfiHiiUserCredentialFormsetGuid;
extern EFI_GUID gEfiHiiStandardFormGuid;
extern EFI_GUID { 0xA04A27f4, 0xDF00, 0x4D42, { 0xB5, 0x52, 0x39, 0x51, 0x13, 0x02, 0x11, 0x3D }};
extern EFI_GUID { 0xb3f56470, 0x6141, 0x4621, { 0x8f, 0x19, 0x70, 0x4e, 0x57, 0x7a, 0xa9, 0xe8 }};
extern EFI_GUID { 0xF5E655D9, 0x02A6, 0x46f2, { 0x9E, 0x76, 0xB8, 0xBE, 0x8E, 0x60, 0xAB, 0x22 }};
extern EFI_GUID gZeroGuid;
#pragma pack(1)
typedef struct {
  UINT16 WhatIsThePassword[20];
  UINT16 WhatIsThePassword2[20];
  UINT16 MyStringData[40];
  UINT16 PasswordClearText[20];
  UINT16 SomethingHiddenForHtml;
  UINT8 HowOldAreYouInYearsManual;
  UINT16 HowTallAreYouManual;
  UINT8 HowOldAreYouInYears;
  UINT16 HowTallAreYou;
  UINT8 MyFavoriteNumber;
  UINT8 TestLateCheck;
  UINT8 TestLateCheck2;
  UINT8 QuestionAboutTreeHugging;
  UINT8 ChooseToActivateNuclearWeaponry;
  UINT8 SuppressGrayOutSomething;
  UINT8 OrderedList[8];
  UINT16 BootOrder[8];
  UINT8 BootOrderLarge;
  UINT8 DynamicRefresh;
  UINT8 DynamicOneof;
  UINT8 DynamicOrderedList[5];
  UINT8 Reserved;
  EFI_HII_REF RefData;
  UINT8 NameValueVar0;
  UINT16 NameValueVar1;
  UINT16 NameValueVar2[20];
  UINT8 SerialPortNo;
  UINT8 SerialPortStatus;
  UINT16 SerialPortIo;
  UINT8 SerialPortIrq;
  UINT8 GetDefaultValueFromCallBack;
  UINT8 GetDefaultValueFromAccess;
  EFI_HII_TIME Time;
  UINT8 RefreshGuidCount;
  UINT8 Match2;
  UINT8 GetDefaultValueFromCallBackForOrderedList[3];
} DRIVER_SAMPLE_CONFIGURATION;
typedef struct {
  UINT8 Field8;
  UINT16 Field16;
  UINT8 OrderedList[3];
  UINT16 SubmittedCallback;
} MY_EFI_VARSTORE_DATA;
#pragma pack()
formset
>00000000: 0E A7 70 64 F5 B3 41 61 21 46 8F 19 70 4E 57 7A A9 E8 02 00 03 00 01 71 99 03 93 45 85 04 4B B4 5E 32 EB 83 26 04 0E 
>00000027: 5C 06 00 00 00 00 
>0000002D: 5C 06 00 00 01 00 
  guid = { 0xb3f56470, 0x6141, 0x4621, {0x8f, 0x19, 0x70, 0x4e, 0x57, 0x7a, 0xa9, 0xe8} },
  title = STRING_TOKEN(0x0002),
  help = STRING_TOKEN(0x0003),
  form formid = 1,
>00000033: 01 86 01 00 04 00 
       title = STRING_TOKEN(0x0004);
   text
>00000039: 03 08 05 00 06 00 12 00 
      help = STRING_TOKEN(0x0006),
      text = STRING_TOKEN(0x0005),
     text = STRING_TOKEN(0x0012),
      flags = 0,
      key = 0;
   text
>00000041: 03 08 07 00 12 00 12 00 
      help = STRING_TOKEN(0x0012),
      text = STRING_TOKEN(0x0007),
     text = STRING_TOKEN(0x0012),
      flags = 0,
      key = 0;
   text
>00000049: 03 08 08 00 12 00 12 00 
      help = STRING_TOKEN(0x0012),
      text = STRING_TOKEN(0x0008),
     text = STRING_TOKEN(0x0012),
      flags = 0,
      key = 0;
   text
>00000051: 03 08 09 00 12 00 12 00 
      help = STRING_TOKEN(0x0012),
      text = STRING_TOKEN(0x0009),
     text = STRING_TOKEN(0x0012),
      flags = 0,
      key = 0;
    subtitle text = STRING_TOKEN(0x0012);
>00000059: 02 87 12 00 00 00 00 
>00000060: 29 02 
   text
>00000062: 03 08 0A 00 12 00 12 00 
      help = STRING_TOKEN(0x0012),
      text = STRING_TOKEN(0x000A),
     text = STRING_TOKEN(0x0012),
      flags = 0,
      key = 0;
   text
>0000006A: 03 08 0B 00 12 00 12 00 
      help = STRING_TOKEN(0x0012),
      text = STRING_TOKEN(0x000B),
     text = STRING_TOKEN(0x0012),
      flags = 0,
      key = 0;
   text
>00000072: 03 08 0C 00 12 00 12 00 
      help = STRING_TOKEN(0x0012),
      text = STRING_TOKEN(0x000C),
     text = STRING_TOKEN(0x0012),
      flags = 0,
      key = 0;
   text
>0000007A: 03 08 0D 00 12 00 12 00 
      help = STRING_TOKEN(0x0012),
      text = STRING_TOKEN(0x000D),
     text = STRING_TOKEN(0x0012),
      flags = 0,
      key = 0;
   text
>00000082: 03 08 0E 00 12 00 12 00 
      help = STRING_TOKEN(0x0012),
      text = STRING_TOKEN(0x000E),
     text = STRING_TOKEN(0x0012),
      flags = 0,
      key = 0;
   text
>0000008A: 03 08 0F 00 12 00 12 00 
      help = STRING_TOKEN(0x0012),
      text = STRING_TOKEN(0x000F),
     text = STRING_TOKEN(0x0012),
      flags = 0,
      key = 0;
   text
>00000092: 03 08 10 00 12 00 12 00 
      help = STRING_TOKEN(0x0012),
      text = STRING_TOKEN(0x0010),
     text = STRING_TOKEN(0x0012),
      flags = 0,
      key = 0;
    text
      help = STRING_TOKEN(0x0021),
      text = STRING_TOKEN(0x0021),
      flags = INTERACTIVE,
>0000009A: 0C 8F 21 00 21 00 31 12 00 00 FF FF 04 00 00 
      key = 0x1231;
>000000A9: 29 02 
    subtitle text = STRING_TOKEN(0x0012);
>000000AB: 02 87 12 00 00 00 00 
>000000B2: 29 02 
    subtitle text = STRING_TOKEN(0x0011);
>000000B4: 02 87 11 00 00 00 00 
>000000BB: 29 02 
  endform;
>000000BD: 29 02 
endformset;
>000000BF: 29 02 

//
// All Opcode Record List 
//
>00000000: 0E A7 70 64 F5 B3 41 61 21 46 8F 19 70 4E 57 7A A9 E8 02 00 03 00 01 71 99 03 93 45 85 04 4B B4 5E 32 EB 83 26 04 0E 
>00000027: 5C 06 00 00 00 00 
>0000002D: 5C 06 00 00 01 00 
>00000033: 01 86 01 00 04 00 
>00000039: 03 08 05 00 06 00 12 00 
>00000041: 03 08 07 00 12 00 12 00 
>00000049: 03 08 08 00 12 00 12 00 
>00000051: 03 08 09 00 12 00 12 00 
>00000059: 02 87 12 00 00 00 00 
>00000060: 29 02 
>00000062: 03 08 0A 00 12 00 12 00 
>0000006A: 03 08 0B 00 12 00 12 00 
>00000072: 03 08 0C 00 12 00 12 00 
>0000007A: 03 08 0D 00 12 00 12 00 
>00000082: 03 08 0E 00 12 00 12 00 
>0000008A: 03 08 0F 00 12 00 12 00 
>00000092: 03 08 10 00 12 00 12 00 
>0000009A: 0C 8F 21 00 21 00 31 12 00 00 FF FF 04 00 00 
>000000A9: 29 02 
>000000AB: 02 87 12 00 00 00 00 
>000000B2: 29 02 
>000000B4: 02 87 11 00 00 00 00 
>000000BB: 29 02 
>000000BD: 29 02 
>000000BF: 29 02 

Total Size of all record is 0x000000C1


***************************************************************
		mPackAlign = 1
		struct MY_EFI_VARSTORE_DATA : mAlign [1] mTotalSize [0x8]

		struct MY_EFI_VARSTORE_DATA {
			+00000000[00000000] Field8 <UINT8>
			+00000001[00000001] Field16 <UINT16>
			+00000003[00000003] OrderedList[3] <UINT8>
			+00000006[00000006] SubmittedCallback <UINT16>
		};
---------------------------------------------------------------
		struct DRIVER_SAMPLE_CONFIGURATION : mAlign [1] mTotalSize [0x147]

		struct DRIVER_SAMPLE_CONFIGURATION {
			+00000000[00000000] WhatIsThePassword[20] <UINT16>
			+00000040[00000028] WhatIsThePassword2[20] <UINT16>
			+00000080[00000050] MyStringData[40] <UINT16>
			+00000160[000000a0] PasswordClearText[20] <UINT16>
			+00000200[000000c8] SomethingHiddenForHtml <UINT16>
			+00000202[000000ca] HowOldAreYouInYearsManual <UINT8>
			+00000203[000000cb] HowTallAreYouManual <UINT16>
			+00000205[000000cd] HowOldAreYouInYears <UINT8>
			+00000206[000000ce] HowTallAreYou <UINT16>
			+00000208[000000d0] MyFavoriteNumber <UINT8>
			+00000209[000000d1] TestLateCheck <UINT8>
			+00000210[000000d2] TestLateCheck2 <UINT8>
			+00000211[000000d3] QuestionAboutTreeHugging <UINT8>
			+00000212[000000d4] ChooseToActivateNuclearWeaponry <UINT8>
			+00000213[000000d5] SuppressGrayOutSomething <UINT8>
			+00000214[000000d6] OrderedList[8] <UINT8>
			+00000222[000000de] BootOrder[8] <UINT16>
			+00000238[000000ee] BootOrderLarge <UINT8>
			+00000239[000000ef] DynamicRefresh <UINT8>
			+00000240[000000f0] DynamicOneof <UINT8>
			+00000241[000000f1] DynamicOrderedList[5] <UINT8>
			+00000246[000000f6] Reserved <UINT8>
			+00000247[000000f7] RefData <EFI_HII_REF>
			+00000269[0000010d] NameValueVar0 <UINT8>
			+00000270[0000010e] NameValueVar1 <UINT16>
			+00000272[00000110] NameValueVar2[20] <UINT16>
			+00000312[00000138] SerialPortNo <UINT8>
			+00000313[00000139] SerialPortStatus <UINT8>
			+00000314[0000013a] SerialPortIo <UINT16>
			+00000316[0000013c] SerialPortIrq <UINT8>
			+00000317[0000013d] GetDefaultValueFromCallBack <UINT8>
			+00000318[0000013e] GetDefaultValueFromAccess <UINT8>
			+00000319[0000013f] Time <EFI_HII_TIME>
			+00000322[00000142] RefreshGuidCount <UINT8>
			+00000323[00000143] Match2 <UINT8>
			+00000324[00000144] GetDefaultValueFromCallBackForOrderedList[3] <UINT8>
		};
---------------------------------------------------------------
		struct EFI_HII_REF : mAlign [16] mTotalSize [0x16]

		struct EFI_HII_REF {
			+00000000[00000000] QuestionId <UINT16>
			+00000002[00000002] FormId <UINT16>
			+00000004[00000004] FormSetGuid <(null)>
			+00000020[00000014] DevicePath <EFI_STRING_ID>
		};
---------------------------------------------------------------
		struct EFI_HII_TIME : mAlign [1] mTotalSize [0x3]

		struct EFI_HII_TIME {
			+00000000[00000000] Hours <UINT8>
			+00000001[00000001] Minutes <UINT8>
			+00000002[00000002] Seconds <UINT8>
		};
---------------------------------------------------------------
		struct EFI_STRING_ID : mAlign [2] mTotalSize [0x2]

		struct EFI_STRING_ID {
		};
---------------------------------------------------------------
		struct EFI_HII_DATE : mAlign [2] mTotalSize [0x4]

		struct EFI_HII_DATE {
			+00000000[00000000] Year <UINT16>
			+00000002[00000002] Month <UINT8>
			+00000003[00000003] Day <UINT8>
		};
---------------------------------------------------------------
		struct BOOLEAN : mAlign [1] mTotalSize [0x1]

		struct BOOLEAN {
		};
---------------------------------------------------------------
		struct UINT8 : mAlign [1] mTotalSize [0x1]

		struct UINT8 {
		};
---------------------------------------------------------------
		struct UINT16 : mAlign [2] mTotalSize [0x2]

		struct UINT16 {
		};
---------------------------------------------------------------
		struct UINT32 : mAlign [4] mTotalSize [0x4]

		struct UINT32 {
		};
---------------------------------------------------------------
		struct UINT64 : mAlign [8] mTotalSize [0x8]

		struct UINT64 {
		};
---------------------------------------------------------------
***************************************************************
