/home/neo/development/uefi/UDK-uefi-development-kit/MyWorkSpace/Build/NT32IA32/DEBUG_GCC49/IA32/MdePkg/Library/BasePrintLib/BasePrintLib/OUTPUT/BasePrintLib.lib
/home/neo/development/uefi/UDK-uefi-development-kit/MyWorkSpace/Build/NT32IA32/DEBUG_GCC49/IA32/MdePkg/Library/BasePcdLibNull/BasePcdLibNull/OUTPUT/BasePcdLibNull.lib
/home/neo/development/uefi/UDK-uefi-development-kit/MyWorkSpace/Build/NT32IA32/DEBUG_GCC49/IA32/MdeModulePkg/Library/DxeReportStatusCodeLib/DxeReportStatusCodeLib/OUTPUT/DxeReportStatusCodeLib.lib
/home/neo/development/uefi/UDK-uefi-development-kit/MyWorkSpace/Build/NT32IA32/DEBUG_GCC49/IA32/MdePkg/Library/UefiDevicePathLib/UefiDevicePathLib/OUTPUT/UefiDevicePathLib.lib
/home/neo/development/uefi/UDK-uefi-development-kit/MyWorkSpace/Build/NT32IA32/DEBUG_GCC49/IA32/MdeModulePkg/Library/DxeCoreMemoryAllocationLib/DxeCoreMemoryAllocationLib/OUTPUT/DxeCoreMemoryAllocationLib.lib
/home/neo/development/uefi/UDK-uefi-development-kit/MyWorkSpace/Build/NT32IA32/DEBUG_GCC49/IA32/MdeModulePkg/Library/PeiDxeDebugLibReportStatusCode/PeiDxeDebugLibReportStatusCode/OUTPUT/PeiDxeDebugLibReportStatusCode.lib
/home/neo/development/uefi/UDK-uefi-development-kit/MyWorkSpace/Build/NT32IA32/DEBUG_GCC49/IA32/MdePkg/Library/BaseLib/BaseLib/OUTPUT/BaseLib.lib
/home/neo/development/uefi/UDK-uefi-development-kit/MyWorkSpace/Build/NT32IA32/DEBUG_GCC49/IA32/MdePkg/Library/BaseMemoryLibOptDxe/BaseMemoryLibOptDxe/OUTPUT/BaseMemoryLibOptDxe.lib
/home/neo/development/uefi/UDK-uefi-development-kit/MyWorkSpace/Build/NT32IA32/DEBUG_GCC49/IA32/MdePkg/Library/DxeCoreEntryPoint/DxeCoreEntryPoint/OUTPUT/DxeCoreEntryPoint.lib
/home/neo/development/uefi/UDK-uefi-development-kit/MyWorkSpace/Build/NT32IA32/DEBUG_GCC49/IA32/MdePkg/Library/DxeCoreHobLib/DxeCoreHobLib/OUTPUT/DxeCoreHobLib.lib
/home/neo/development/uefi/UDK-uefi-development-kit/MyWorkSpace/Build/NT32IA32/DEBUG_GCC49/IA32/MdeModulePkg/Library/DxeDebugPrintErrorLevelLib/DxeDebugPrintErrorLevelLib/OUTPUT/DxeDebugPrintErrorLevelLib.lib
/home/neo/development/uefi/UDK-uefi-development-kit/MyWorkSpace/Build/NT32IA32/DEBUG_GCC49/IA32/MdePkg/Library/UefiBootServicesTableLib/UefiBootServicesTableLib/OUTPUT/UefiBootServicesTableLib.lib
/home/neo/development/uefi/UDK-uefi-development-kit/MyWorkSpace/Build/NT32IA32/DEBUG_GCC49/IA32/MdePkg/Library/UefiRuntimeServicesTableLib/UefiRuntimeServicesTableLib/OUTPUT/UefiRuntimeServicesTableLib.lib
/home/neo/development/uefi/UDK-uefi-development-kit/MyWorkSpace/Build/NT32IA32/DEBUG_GCC49/IA32/MdePkg/Library/DxeExtractGuidedSectionLib/DxeExtractGuidedSectionLib/OUTPUT/DxeExtractGuidedSectionLib.lib
/home/neo/development/uefi/UDK-uefi-development-kit/MyWorkSpace/Build/NT32IA32/DEBUG_GCC49/IA32/Nt32Pkg/Library/DxeNt32PeCoffExtraActionLib/DxeNt32PeCoffExtraActionLib/OUTPUT/DxeNt32PeCoffExtraActionLib.lib
/home/neo/development/uefi/UDK-uefi-development-kit/MyWorkSpace/Build/NT32IA32/DEBUG_GCC49/IA32/MdePkg/Library/UefiLib/UefiLib/OUTPUT/UefiLib.lib
/home/neo/development/uefi/UDK-uefi-development-kit/MyWorkSpace/Build/NT32IA32/DEBUG_GCC49/IA32/MdePkg/Library/BaseCacheMaintenanceLib/BaseCacheMaintenanceLib/OUTPUT/BaseCacheMaintenanceLib.lib
/home/neo/development/uefi/UDK-uefi-development-kit/MyWorkSpace/Build/NT32IA32/DEBUG_GCC49/IA32/IntelFrameworkModulePkg/Library/BaseUefiTianoCustomDecompressLib/BaseUefiTianoCustomDecompressLib/OUTPUT/BaseUefiTianoDecompressLib.lib
/home/neo/development/uefi/UDK-uefi-development-kit/MyWorkSpace/Build/NT32IA32/DEBUG_GCC49/IA32/MdePkg/Library/BasePerformanceLibNull/BasePerformanceLibNull/OUTPUT/BasePerformanceLibNull.lib
/home/neo/development/uefi/UDK-uefi-development-kit/MyWorkSpace/Build/NT32IA32/DEBUG_GCC49/IA32/MdePkg/Library/BasePeCoffLib/BasePeCoffLib/OUTPUT/BasePeCoffLib.lib
/home/neo/development/uefi/UDK-uefi-development-kit/MyWorkSpace/Build/NT32IA32/DEBUG_GCC49/IA32/MdePkg/Library/BasePeCoffGetEntryPointLib/BasePeCoffGetEntryPointLib/OUTPUT/BasePeCoffGetEntryPointLib.lib
/home/neo/development/uefi/UDK-uefi-development-kit/MyWorkSpace/Build/NT32IA32/DEBUG_GCC49/IA32/MdePkg/Library/BaseTimerLibNullTemplate/BaseTimerLibNullTemplate/OUTPUT/BaseTimerLibNullTemplate.lib
/home/neo/development/uefi/UDK-uefi-development-kit/MyWorkSpace/Build/NT32IA32/DEBUG_GCC49/IA32/MdePkg/Library/DxeServicesLib/DxeServicesLib/OUTPUT/DxeServicesLib.lib
/home/neo/development/uefi/UDK-uefi-development-kit/MyWorkSpace/Build/NT32IA32/DEBUG_GCC49/IA32/MdeModulePkg/Library/DebugAgentLibNull/DebugAgentLibNull/OUTPUT/DebugAgentLibNull.lib
/home/neo/development/uefi/UDK-uefi-development-kit/MyWorkSpace/Build/NT32IA32/DEBUG_GCC49/IA32/MdeModulePkg/Library/CpuExceptionHandlerLibNull/CpuExceptionHandlerLibNull/OUTPUT/CpuExceptionHandlerLibNull.lib
/home/neo/development/uefi/UDK-uefi-development-kit/MyWorkSpace/Build/NT32IA32/DEBUG_GCC49/IA32/MdeModulePkg/Library/DxeCrc32GuidedSectionExtractLib/DxeCrc32GuidedSectionExtractLib/OUTPUT/DxeCrc32GuidedSectionExtractLib.lib
/home/neo/development/uefi/UDK-uefi-development-kit/MyWorkSpace/Build/NT32IA32/DEBUG_GCC49/IA32/MdeModulePkg/Core/Dxe/DxeMain/OUTPUT/DxeCore.lib