/home/neo/development/uefi/UDK-uefi-development-kit/MyWorkSpace/Build/NT32IA32/DEBUG_GCC49/IA32/MdeModulePkg/Library/DxeReportStatusCodeLib/DxeReportStatusCodeLib/OUTPUT/DxeReportStatusCodeLib.lib
/home/neo/development/uefi/UDK-uefi-development-kit/MyWorkSpace/Build/NT32IA32/DEBUG_GCC49/IA32/MdePkg/Library/DxePcdLib/DxePcdLib/OUTPUT/DxePcdLib.lib
/home/neo/development/uefi/UDK-uefi-development-kit/MyWorkSpace/Build/NT32IA32/DEBUG_GCC49/IA32/MdeModulePkg/Library/PeiDxeDebugLibReportStatusCode/PeiDxeDebugLibReportStatusCode/OUTPUT/PeiDxeDebugLibReportStatusCode.lib
/home/neo/development/uefi/UDK-uefi-development-kit/MyWorkSpace/Build/NT32IA32/DEBUG_GCC49/IA32/MdePkg/Library/BaseMemoryLibOptDxe/BaseMemoryLibOptDxe/OUTPUT/BaseMemoryLibOptDxe.lib
/home/neo/development/uefi/UDK-uefi-development-kit/MyWorkSpace/Build/NT32IA32/DEBUG_GCC49/IA32/MdePkg/Library/BaseLib/BaseLib/OUTPUT/BaseLib.lib
/home/neo/development/uefi/UDK-uefi-development-kit/MyWorkSpace/Build/NT32IA32/DEBUG_GCC49/IA32/MdePkg/Library/UefiBootServicesTableLib/UefiBootServicesTableLib/OUTPUT/UefiBootServicesTableLib.lib
/home/neo/development/uefi/UDK-uefi-development-kit/MyWorkSpace/Build/NT32IA32/DEBUG_GCC49/IA32/MdePkg/Library/UefiMemoryAllocationLib/UefiMemoryAllocationLib/OUTPUT/UefiMemoryAllocationLib.lib
/home/neo/development/uefi/UDK-uefi-development-kit/MyWorkSpace/Build/NT32IA32/DEBUG_GCC49/IA32/MdePkg/Library/BasePrintLib/BasePrintLib/OUTPUT/BasePrintLib.lib
/home/neo/development/uefi/UDK-uefi-development-kit/MyWorkSpace/Build/NT32IA32/DEBUG_GCC49/IA32/MdePkg/Library/UefiRuntimeServicesTableLib/UefiRuntimeServicesTableLib/OUTPUT/UefiRuntimeServicesTableLib.lib
/home/neo/development/uefi/UDK-uefi-development-kit/MyWorkSpace/Build/NT32IA32/DEBUG_GCC49/IA32/MdePkg/Library/UefiDevicePathLibDevicePathProtocol/UefiDevicePathLibDevicePathProtocol/OUTPUT/UefiDevicePathLibDevicePathProtocol.lib
/home/neo/development/uefi/UDK-uefi-development-kit/MyWorkSpace/Build/NT32IA32/DEBUG_GCC49/IA32/MdePkg/Library/UefiLib/UefiLib/OUTPUT/UefiLib.lib
/home/neo/development/uefi/UDK-uefi-development-kit/MyWorkSpace/Build/NT32IA32/DEBUG_GCC49/IA32/MdePkg/Library/DxeHobLib/DxeHobLib/OUTPUT/DxeHobLib.lib
/home/neo/development/uefi/UDK-uefi-development-kit/MyWorkSpace/Build/NT32IA32/DEBUG_GCC49/IA32/MdeModulePkg/Library/DxeDebugPrintErrorLevelLib/DxeDebugPrintErrorLevelLib/OUTPUT/DxeDebugPrintErrorLevelLib.lib
/home/neo/development/uefi/UDK-uefi-development-kit/MyWorkSpace/Build/NT32IA32/DEBUG_GCC49/IA32/MdePkg/Library/BaseTimerLibNullTemplate/BaseTimerLibNullTemplate/OUTPUT/BaseTimerLibNullTemplate.lib
/home/neo/development/uefi/UDK-uefi-development-kit/MyWorkSpace/Build/NT32IA32/DEBUG_GCC49/IA32/MdeModulePkg/Library/VarCheckLib/VarCheckLib/OUTPUT/VarCheckLib.lib
/home/neo/development/uefi/UDK-uefi-development-kit/MyWorkSpace/Build/NT32IA32/DEBUG_GCC49/IA32/MdePkg/Library/BaseSynchronizationLib/BaseSynchronizationLib/OUTPUT/BaseSynchronizationLib.lib
/home/neo/development/uefi/UDK-uefi-development-kit/MyWorkSpace/Build/NT32IA32/DEBUG_GCC49/IA32/MdePkg/Library/UefiRuntimeLib/UefiRuntimeLib/OUTPUT/UefiRuntimeLib.lib
/home/neo/development/uefi/UDK-uefi-development-kit/MyWorkSpace/Build/NT32IA32/DEBUG_GCC49/IA32/MdePkg/Library/DxeServicesTableLib/DxeServicesTableLib/OUTPUT/DxeServicesTableLib.lib
/home/neo/development/uefi/UDK-uefi-development-kit/MyWorkSpace/Build/NT32IA32/DEBUG_GCC49/IA32/MdePkg/Library/UefiDriverEntryPoint/UefiDriverEntryPoint/OUTPUT/UefiDriverEntryPoint.lib
/home/neo/development/uefi/UDK-uefi-development-kit/MyWorkSpace/Build/NT32IA32/DEBUG_GCC49/IA32/MdeModulePkg/Library/TpmMeasurementLibNull/TpmMeasurementLibNull/OUTPUT/TpmMeasurementLibNull.lib
/home/neo/development/uefi/UDK-uefi-development-kit/MyWorkSpace/Build/NT32IA32/DEBUG_GCC49/IA32/MdeModulePkg/Library/AuthVariableLibNull/AuthVariableLibNull/OUTPUT/AuthVariableLibNull.lib
/home/neo/development/uefi/UDK-uefi-development-kit/MyWorkSpace/Build/NT32IA32/DEBUG_GCC49/IA32/MdeModulePkg/Library/VarCheckUefiLib/VarCheckUefiLib/OUTPUT/VarCheckUefiLib.lib
/home/neo/development/uefi/UDK-uefi-development-kit/MyWorkSpace/Build/NT32IA32/DEBUG_GCC49/IA32/MdeModulePkg/Universal/Variable/RuntimeDxe/VariableRuntimeDxe/OUTPUT/VariableRuntimeDxe.lib