/home/neo/development/uefi/UDK-uefi-development-kit/MyWorkSpace/Build/NT32IA32/DEBUG_GCC49/IA32/MdePkg/Library/DxePcdLib/DxePcdLib/OUTPUT/DxePcdLib.lib
/home/neo/development/uefi/UDK-uefi-development-kit/MyWorkSpace/Build/NT32IA32/DEBUG_GCC49/IA32/MdeModulePkg/Library/PeiDxeDebugLibReportStatusCode/PeiDxeDebugLibReportStatusCode/OUTPUT/PeiDxeDebugLibReportStatusCode.lib
/home/neo/development/uefi/UDK-uefi-development-kit/MyWorkSpace/Build/NT32IA32/DEBUG_GCC49/IA32/MdePkg/Library/BaseMemoryLibOptDxe/BaseMemoryLibOptDxe/OUTPUT/BaseMemoryLibOptDxe.lib
/home/neo/development/uefi/UDK-uefi-development-kit/MyWorkSpace/Build/NT32IA32/DEBUG_GCC49/IA32/MdeModulePkg/Library/DxeReportStatusCodeLib/DxeReportStatusCodeLib/OUTPUT/DxeReportStatusCodeLib.lib
/home/neo/development/uefi/UDK-uefi-development-kit/MyWorkSpace/Build/NT32IA32/DEBUG_GCC49/IA32/MdePkg/Library/BaseLib/BaseLib/OUTPUT/BaseLib.lib
/home/neo/development/uefi/UDK-uefi-development-kit/MyWorkSpace/Build/NT32IA32/DEBUG_GCC49/IA32/MdePkg/Library/UefiBootServicesTableLib/UefiBootServicesTableLib/OUTPUT/UefiBootServicesTableLib.lib
/home/neo/development/uefi/UDK-uefi-development-kit/MyWorkSpace/Build/NT32IA32/DEBUG_GCC49/IA32/MdePkg/Library/UefiMemoryAllocationLib/UefiMemoryAllocationLib/OUTPUT/UefiMemoryAllocationLib.lib
/home/neo/development/uefi/UDK-uefi-development-kit/MyWorkSpace/Build/NT32IA32/DEBUG_GCC49/IA32/MdeModulePkg/Library/DxePrintLibPrint2Protocol/DxePrintLibPrint2Protocol/OUTPUT/DxePrintLibPrint2Protocol.lib
/home/neo/development/uefi/UDK-uefi-development-kit/MyWorkSpace/Build/NT32IA32/DEBUG_GCC49/IA32/MdePkg/Library/UefiRuntimeServicesTableLib/UefiRuntimeServicesTableLib/OUTPUT/UefiRuntimeServicesTableLib.lib
/home/neo/development/uefi/UDK-uefi-development-kit/MyWorkSpace/Build/NT32IA32/DEBUG_GCC49/IA32/MdePkg/Library/UefiDevicePathLibDevicePathProtocol/UefiDevicePathLibDevicePathProtocol/OUTPUT/UefiDevicePathLibDevicePathProtocol.lib
/home/neo/development/uefi/UDK-uefi-development-kit/MyWorkSpace/Build/NT32IA32/DEBUG_GCC49/IA32/MdePkg/Library/UefiLib/UefiLib/OUTPUT/UefiLib.lib
/home/neo/development/uefi/UDK-uefi-development-kit/MyWorkSpace/Build/NT32IA32/DEBUG_GCC49/IA32/MdePkg/Library/DxeHobLib/DxeHobLib/OUTPUT/DxeHobLib.lib
/home/neo/development/uefi/UDK-uefi-development-kit/MyWorkSpace/Build/NT32IA32/DEBUG_GCC49/IA32/MdeModulePkg/Library/DxeDebugPrintErrorLevelLib/DxeDebugPrintErrorLevelLib/OUTPUT/DxeDebugPrintErrorLevelLib.lib
/home/neo/development/uefi/UDK-uefi-development-kit/MyWorkSpace/Build/NT32IA32/DEBUG_GCC49/IA32/MdeModulePkg/Library/UefiHiiServicesLib/UefiHiiServicesLib/OUTPUT/UefiHiiServicesLib.lib
/home/neo/development/uefi/UDK-uefi-development-kit/MyWorkSpace/Build/NT32IA32/DEBUG_GCC49/IA32/MdeModulePkg/Library/BaseSortLib/BaseSortLib/OUTPUT/BaseSortLib.lib
/home/neo/development/uefi/UDK-uefi-development-kit/MyWorkSpace/Build/NT32IA32/DEBUG_GCC49/IA32/MdePkg/Library/DxeServicesLib/DxeServicesLib/OUTPUT/DxeServicesLib.lib
/home/neo/development/uefi/UDK-uefi-development-kit/MyWorkSpace/Build/NT32IA32/DEBUG_GCC49/IA32/MdePkg/Library/DxeServicesTableLib/DxeServicesTableLib/OUTPUT/DxeServicesTableLib.lib
/home/neo/development/uefi/UDK-uefi-development-kit/MyWorkSpace/Build/NT32IA32/DEBUG_GCC49/IA32/MdePkg/Library/BasePeCoffGetEntryPointLib/BasePeCoffGetEntryPointLib/OUTPUT/BasePeCoffGetEntryPointLib.lib
/home/neo/development/uefi/UDK-uefi-development-kit/MyWorkSpace/Build/NT32IA32/DEBUG_GCC49/IA32/MdePkg/Library/BasePerformanceLibNull/BasePerformanceLibNull/OUTPUT/BasePerformanceLibNull.lib
/home/neo/development/uefi/UDK-uefi-development-kit/MyWorkSpace/Build/NT32IA32/DEBUG_GCC49/IA32/MdePkg/Library/BaseTimerLibNullTemplate/BaseTimerLibNullTemplate/OUTPUT/BaseTimerLibNullTemplate.lib
/home/neo/development/uefi/UDK-uefi-development-kit/MyWorkSpace/Build/NT32IA32/DEBUG_GCC49/IA32/MdeModulePkg/Library/UefiHiiLib/UefiHiiLib/OUTPUT/UefiHiiLib.lib
/home/neo/development/uefi/UDK-uefi-development-kit/MyWorkSpace/Build/NT32IA32/DEBUG_GCC49/IA32/MdeModulePkg/Library/UefiBootManagerLib/UefiBootManagerLib/OUTPUT/UefiBootManagerLib.lib
/home/neo/development/uefi/UDK-uefi-development-kit/MyWorkSpace/Build/NT32IA32/DEBUG_GCC49/IA32/MdeModulePkg/Library/FileExplorerLib/FileExplorerLib/OUTPUT/FileExplorerLib.lib
/home/neo/development/uefi/UDK-uefi-development-kit/MyWorkSpace/Build/NT32IA32/DEBUG_GCC49/IA32/MdePkg/Library/UefiApplicationEntryPoint/UefiApplicationEntryPoint/OUTPUT/UefiApplicationEntryPoint.lib
/home/neo/development/uefi/UDK-uefi-development-kit/MyWorkSpace/Build/NT32IA32/DEBUG_GCC49/IA32/MdeModulePkg/Library/DeviceManagerUiLib/DeviceManagerUiLib/OUTPUT/DeviceManagerUiLib.lib
/home/neo/development/uefi/UDK-uefi-development-kit/MyWorkSpace/Build/NT32IA32/DEBUG_GCC49/IA32/MdeModulePkg/Library/BootManagerUiLib/BootManagerUiLib/OUTPUT/BootManagerUiLib.lib
/home/neo/development/uefi/UDK-uefi-development-kit/MyWorkSpace/Build/NT32IA32/DEBUG_GCC49/IA32/MdeModulePkg/Library/BootMaintenanceManagerUiLib/BootMaintenanceManagerUiLib/OUTPUT/BootMaintenanceManagerUiLib.lib
/home/neo/development/uefi/UDK-uefi-development-kit/MyWorkSpace/Build/NT32IA32/DEBUG_GCC49/IA32/MdeModulePkg/Application/UiApp/UiApp/OUTPUT/UiApp.lib