/home/neo/development/uefi/UDK-uefi-development-kit/MyWorkSpace/Build/MdeModule/DEBUG_GCC44/X64/MdePkg/Library/BaseDebugPrintErrorLevelLib/BaseDebugPrintErrorLevelLib/OUTPUT/BaseDebugPrintErrorLevelLib.lib
/home/neo/development/uefi/UDK-uefi-development-kit/MyWorkSpace/Build/MdeModule/DEBUG_GCC44/X64/MdePkg/Library/BasePrintLib/BasePrintLib/OUTPUT/BasePrintLib.lib
/home/neo/development/uefi/UDK-uefi-development-kit/MyWorkSpace/Build/MdeModule/DEBUG_GCC44/X64/MdePkg/Library/BasePcdLibNull/BasePcdLibNull/OUTPUT/BasePcdLibNull.lib
/home/neo/development/uefi/UDK-uefi-development-kit/MyWorkSpace/Build/MdeModule/DEBUG_GCC44/X64/MdePkg/Library/UefiDebugLibConOut/UefiDebugLibConOut/OUTPUT/UefiDebugLibConOut.lib
/home/neo/development/uefi/UDK-uefi-development-kit/MyWorkSpace/Build/MdeModule/DEBUG_GCC44/X64/MdePkg/Library/BaseMemoryLib/BaseMemoryLib/OUTPUT/BaseMemoryLib.lib
/home/neo/development/uefi/UDK-uefi-development-kit/MyWorkSpace/Build/MdeModule/DEBUG_GCC44/X64/MdePkg/Library/BaseLib/BaseLib/OUTPUT/BaseLib.lib
/home/neo/development/uefi/UDK-uefi-development-kit/MyWorkSpace/Build/MdeModule/DEBUG_GCC44/X64/MdePkg/Library/UefiBootServicesTableLib/UefiBootServicesTableLib/OUTPUT/UefiBootServicesTableLib.lib
/home/neo/development/uefi/UDK-uefi-development-kit/MyWorkSpace/Build/MdeModule/DEBUG_GCC44/X64/MdePkg/Library/SmmServicesTableLib/SmmServicesTableLib/OUTPUT/SmmServicesTableLib.lib
/home/neo/development/uefi/UDK-uefi-development-kit/MyWorkSpace/Build/MdeModule/DEBUG_GCC44/X64/MdePkg/Library/SmmMemoryAllocationLib/SmmMemoryAllocationLib/OUTPUT/SmmMemoryAllocationLib.lib
/home/neo/development/uefi/UDK-uefi-development-kit/MyWorkSpace/Build/MdeModule/DEBUG_GCC44/X64/MdePkg/Library/UefiRuntimeServicesTableLib/UefiRuntimeServicesTableLib/OUTPUT/UefiRuntimeServicesTableLib.lib
/home/neo/development/uefi/UDK-uefi-development-kit/MyWorkSpace/Build/MdeModule/DEBUG_GCC44/X64/MdePkg/Library/UefiDevicePathLib/UefiDevicePathLib/OUTPUT/UefiDevicePathLib.lib
/home/neo/development/uefi/UDK-uefi-development-kit/MyWorkSpace/Build/MdeModule/DEBUG_GCC44/X64/MdePkg/Library/UefiLib/UefiLib/OUTPUT/UefiLib.lib
/home/neo/development/uefi/UDK-uefi-development-kit/MyWorkSpace/Build/MdeModule/DEBUG_GCC44/X64/MdePkg/Library/BaseTimerLibNullTemplate/BaseTimerLibNullTemplate/OUTPUT/BaseTimerLibNullTemplate.lib
/home/neo/development/uefi/UDK-uefi-development-kit/MyWorkSpace/Build/MdeModule/DEBUG_GCC44/X64/MdePkg/Library/DxeHobLib/DxeHobLib/OUTPUT/DxeHobLib.lib
/home/neo/development/uefi/UDK-uefi-development-kit/MyWorkSpace/Build/MdeModule/DEBUG_GCC44/X64/MdeModulePkg/Library/VarCheckLib/VarCheckLib/OUTPUT/VarCheckLib.lib
/home/neo/development/uefi/UDK-uefi-development-kit/MyWorkSpace/Build/MdeModule/DEBUG_GCC44/X64/MdePkg/Library/DxeServicesLib/DxeServicesLib/OUTPUT/DxeServicesLib.lib
/home/neo/development/uefi/UDK-uefi-development-kit/MyWorkSpace/Build/MdeModule/DEBUG_GCC44/X64/MdePkg/Library/UefiDriverEntryPoint/UefiDriverEntryPoint/OUTPUT/UefiDriverEntryPoint.lib
/home/neo/development/uefi/UDK-uefi-development-kit/MyWorkSpace/Build/MdeModule/DEBUG_GCC44/X64/MdePkg/Library/BaseSynchronizationLib/BaseSynchronizationLib/OUTPUT/BaseSynchronizationLib.lib
/home/neo/development/uefi/UDK-uefi-development-kit/MyWorkSpace/Build/MdeModule/DEBUG_GCC44/X64/MdePkg/Library/DxeServicesTableLib/DxeServicesTableLib/OUTPUT/DxeServicesTableLib.lib
/home/neo/development/uefi/UDK-uefi-development-kit/MyWorkSpace/Build/MdeModule/DEBUG_GCC44/X64/MdePkg/Library/SmmMemLib/SmmMemLib/OUTPUT/SmmMemLib.lib
/home/neo/development/uefi/UDK-uefi-development-kit/MyWorkSpace/Build/MdeModule/DEBUG_GCC44/X64/MdeModulePkg/Library/AuthVariableLibNull/AuthVariableLibNull/OUTPUT/AuthVariableLibNull.lib
/home/neo/development/uefi/UDK-uefi-development-kit/MyWorkSpace/Build/MdeModule/DEBUG_GCC44/X64/MdeModulePkg/Library/VarCheckUefiLib/VarCheckUefiLib/OUTPUT/VarCheckUefiLib.lib
/home/neo/development/uefi/UDK-uefi-development-kit/MyWorkSpace/Build/MdeModule/DEBUG_GCC44/X64/MdeModulePkg/Library/VarCheckHiiLib/VarCheckHiiLib/OUTPUT/VarCheckHiiLib.lib
/home/neo/development/uefi/UDK-uefi-development-kit/MyWorkSpace/Build/MdeModule/DEBUG_GCC44/X64/MdeModulePkg/Library/VarCheckPcdLib/VarCheckPcdLib/OUTPUT/VarCheckPcdLib.lib
/home/neo/development/uefi/UDK-uefi-development-kit/MyWorkSpace/Build/MdeModule/DEBUG_GCC44/X64/MdeModulePkg/Universal/Variable/RuntimeDxe/VariableSmm/OUTPUT/VariableSmm.lib