RIJNDAEL: gcry_rijndael
RIJNDAEL192: gcry_rijndael
RIJNDAEL256: gcry_rijndael
AES128: gcry_rijndael
AES-128: gcry_rijndael
AES-192: gcry_rijndael
AES-256: gcry_rijndael
ADLER32: adler32
CRC64: crc64
CAST5: gcry_cast5
SHA224: gcry_sha256
SHA256: gcry_sha256
AES: gcry_rijndael
AES192: gcry_rijndael
AES256: gcry_rijndael
BLOWFISH: gcry_blowfish
TWOFISH: gcry_twofish
TWOFISH128: gcry_twofish
TIGER192: gcry_tiger
SHA1: gcry_sha1
DES: gcry_des
3DES: gcry_des
SERPENT128: gcry_serpent
SERPENT192: gcry_serpent
SERPENT256: gcry_serpent
ARCFOUR: gcry_arcfour
RIPEMD160: gcry_rmd160
SHA512: gcry_sha512
SHA384: gcry_sha512
RFC2268_40: gcry_rfc2268
MD4: gcry_md4
CRC32: gcry_crc
CRC32RFC1510: gcry_crc
CRC24RFC2440: gcry_crc
CAMELLIA128: gcry_camellia
CAMELLIA192: gcry_camellia
CAMELLIA256: gcry_camellia
WHIRLPOOL: gcry_whirlpool
SEED: gcry_seed
MD5: gcry_md5
