/home/neo/development/uefi/UDK-uefi-development-kit/MyWorkSpace/Build/NT32IA32/DEBUG_GCC49/IA32/MdePkg/Library/BaseMemoryLibOptDxe/BaseMemoryLibOptDxe/OUTPUT/Ia32/ScanMem64.obj
/home/neo/development/uefi/UDK-uefi-development-kit/MyWorkSpace/Build/NT32IA32/DEBUG_GCC49/IA32/MdePkg/Library/BaseMemoryLibOptDxe/BaseMemoryLibOptDxe/OUTPUT/Ia32/ScanMem32.obj
/home/neo/development/uefi/UDK-uefi-development-kit/MyWorkSpace/Build/NT32IA32/DEBUG_GCC49/IA32/MdePkg/Library/BaseMemoryLibOptDxe/BaseMemoryLibOptDxe/OUTPUT/Ia32/ScanMem16.obj
/home/neo/development/uefi/UDK-uefi-development-kit/MyWorkSpace/Build/NT32IA32/DEBUG_GCC49/IA32/MdePkg/Library/BaseMemoryLibOptDxe/BaseMemoryLibOptDxe/OUTPUT/Ia32/ScanMem8.obj
/home/neo/development/uefi/UDK-uefi-development-kit/MyWorkSpace/Build/NT32IA32/DEBUG_GCC49/IA32/MdePkg/Library/BaseMemoryLibOptDxe/BaseMemoryLibOptDxe/OUTPUT/Ia32/CompareMem.obj
/home/neo/development/uefi/UDK-uefi-development-kit/MyWorkSpace/Build/NT32IA32/DEBUG_GCC49/IA32/MdePkg/Library/BaseMemoryLibOptDxe/BaseMemoryLibOptDxe/OUTPUT/Ia32/ZeroMem.obj
/home/neo/development/uefi/UDK-uefi-development-kit/MyWorkSpace/Build/NT32IA32/DEBUG_GCC49/IA32/MdePkg/Library/BaseMemoryLibOptDxe/BaseMemoryLibOptDxe/OUTPUT/Ia32/SetMem64.obj
/home/neo/development/uefi/UDK-uefi-development-kit/MyWorkSpace/Build/NT32IA32/DEBUG_GCC49/IA32/MdePkg/Library/BaseMemoryLibOptDxe/BaseMemoryLibOptDxe/OUTPUT/Ia32/SetMem32.obj
/home/neo/development/uefi/UDK-uefi-development-kit/MyWorkSpace/Build/NT32IA32/DEBUG_GCC49/IA32/MdePkg/Library/BaseMemoryLibOptDxe/BaseMemoryLibOptDxe/OUTPUT/Ia32/SetMem16.obj
/home/neo/development/uefi/UDK-uefi-development-kit/MyWorkSpace/Build/NT32IA32/DEBUG_GCC49/IA32/MdePkg/Library/BaseMemoryLibOptDxe/BaseMemoryLibOptDxe/OUTPUT/Ia32/SetMem.obj
/home/neo/development/uefi/UDK-uefi-development-kit/MyWorkSpace/Build/NT32IA32/DEBUG_GCC49/IA32/MdePkg/Library/BaseMemoryLibOptDxe/BaseMemoryLibOptDxe/OUTPUT/Ia32/CopyMem.obj
/home/neo/development/uefi/UDK-uefi-development-kit/MyWorkSpace/Build/NT32IA32/DEBUG_GCC49/IA32/MdePkg/Library/BaseMemoryLibOptDxe/BaseMemoryLibOptDxe/OUTPUT/ScanMem64Wrapper.obj
/home/neo/development/uefi/UDK-uefi-development-kit/MyWorkSpace/Build/NT32IA32/DEBUG_GCC49/IA32/MdePkg/Library/BaseMemoryLibOptDxe/BaseMemoryLibOptDxe/OUTPUT/ScanMem32Wrapper.obj
/home/neo/development/uefi/UDK-uefi-development-kit/MyWorkSpace/Build/NT32IA32/DEBUG_GCC49/IA32/MdePkg/Library/BaseMemoryLibOptDxe/BaseMemoryLibOptDxe/OUTPUT/ScanMem16Wrapper.obj
/home/neo/development/uefi/UDK-uefi-development-kit/MyWorkSpace/Build/NT32IA32/DEBUG_GCC49/IA32/MdePkg/Library/BaseMemoryLibOptDxe/BaseMemoryLibOptDxe/OUTPUT/ScanMem8Wrapper.obj
/home/neo/development/uefi/UDK-uefi-development-kit/MyWorkSpace/Build/NT32IA32/DEBUG_GCC49/IA32/MdePkg/Library/BaseMemoryLibOptDxe/BaseMemoryLibOptDxe/OUTPUT/ZeroMemWrapper.obj
/home/neo/development/uefi/UDK-uefi-development-kit/MyWorkSpace/Build/NT32IA32/DEBUG_GCC49/IA32/MdePkg/Library/BaseMemoryLibOptDxe/BaseMemoryLibOptDxe/OUTPUT/CompareMemWrapper.obj
/home/neo/development/uefi/UDK-uefi-development-kit/MyWorkSpace/Build/NT32IA32/DEBUG_GCC49/IA32/MdePkg/Library/BaseMemoryLibOptDxe/BaseMemoryLibOptDxe/OUTPUT/SetMem64Wrapper.obj
/home/neo/development/uefi/UDK-uefi-development-kit/MyWorkSpace/Build/NT32IA32/DEBUG_GCC49/IA32/MdePkg/Library/BaseMemoryLibOptDxe/BaseMemoryLibOptDxe/OUTPUT/SetMem32Wrapper.obj
/home/neo/development/uefi/UDK-uefi-development-kit/MyWorkSpace/Build/NT32IA32/DEBUG_GCC49/IA32/MdePkg/Library/BaseMemoryLibOptDxe/BaseMemoryLibOptDxe/OUTPUT/SetMem16Wrapper.obj
/home/neo/development/uefi/UDK-uefi-development-kit/MyWorkSpace/Build/NT32IA32/DEBUG_GCC49/IA32/MdePkg/Library/BaseMemoryLibOptDxe/BaseMemoryLibOptDxe/OUTPUT/SetMemWrapper.obj
/home/neo/development/uefi/UDK-uefi-development-kit/MyWorkSpace/Build/NT32IA32/DEBUG_GCC49/IA32/MdePkg/Library/BaseMemoryLibOptDxe/BaseMemoryLibOptDxe/OUTPUT/CopyMemWrapper.obj
/home/neo/development/uefi/UDK-uefi-development-kit/MyWorkSpace/Build/NT32IA32/DEBUG_GCC49/IA32/MdePkg/Library/BaseMemoryLibOptDxe/BaseMemoryLibOptDxe/OUTPUT/MemLibGuid.obj